Reading netlist file: "C:\Users\danilo\Documents\Hello World\impl\gwsynthesis\Hello World.vg"
Parsing netlist file "C:\Users\danilo\Documents\Hello World\impl\gwsynthesis\Hello World.vg" completed
Processing netlist completed
Reading constraint file: "C:\Users\danilo\Documents\Hello World\src\pin.cst"
Physical Constraint parsed completed
Running placement......
[10%] Placement Phase 0 completed
[20%] Placement Phase 1 completed
[30%] Placement Phase 2 completed
[50%] Placement Phase 3 completed
Running routing......
[60%] Routing Phase 0 completed
[70%] Routing Phase 1 completed
[80%] Routing Phase 2 completed
[90%] Routing Phase 3 completed
Placement and routing completed
Running timing analysis......
[95%] Timing analysis completed
Bitstream generation in progress......
Bitstream generation completed
Running power analysis......
[100%] Power analysis completed
Generate file "C:\Users\danilo\Documents\Hello World\impl\pnr\Hello World.power.html" completed
Generate file "C:\Users\danilo\Documents\Hello World\impl\pnr\Hello World.pin.html" completed
Generate file "C:\Users\danilo\Documents\Hello World\impl\pnr\Hello World.rpt.html" completed
Generate file "C:\Users\danilo\Documents\Hello World\impl\pnr\Hello World.rpt.txt" completed
Generate file "C:\Users\danilo\Documents\Hello World\impl\pnr\Hello World.tr.html" completed
Sun Mar 21 18:17:12 2021

